Determining if the pthread_create exist failed with the following output:
Change Dir: /home/keniso/BasicROSWorkspace/build/CMakeFiles/CMakeTmp

Run Build Command:/usr/bin/make "cmTryCompileExec3193374903/fast"
/usr/bin/make -f CMakeFiles/cmTryCompileExec3193374903.dir/build.make CMakeFiles/cmTryCompileExec3193374903.dir/build
make[1]: Entering directory `/home/keniso/BasicROSWorkspace/build/CMakeFiles/CMakeTmp'
/usr/bin/cmake -E cmake_progress_report /home/keniso/BasicROSWorkspace/build/CMakeFiles/CMakeTmp/CMakeFiles 1
Building C object CMakeFiles/cmTryCompileExec3193374903.dir/CheckSymbolExists.c.o
/usr/bin/cc    -o CMakeFiles/cmTryCompileExec3193374903.dir/CheckSymbolExists.c.o   -c /home/keniso/BasicROSWorkspace/build/CMakeFiles/CMakeTmp/CheckSymbolExists.c
Linking C executable cmTryCompileExec3193374903
/usr/bin/cmake -E cmake_link_script CMakeFiles/cmTryCompileExec3193374903.dir/link.txt --verbose=1
/usr/bin/cc       CMakeFiles/cmTryCompileExec3193374903.dir/CheckSymbolExists.c.o  -o cmTryCompileExec3193374903 -rdynamic 
CMakeFiles/cmTryCompileExec3193374903.dir/CheckSymbolExists.c.o: In function `main':
CheckSymbolExists.c:(.text+0x16): undefined reference to `pthread_create'
collect2: error: ld returned 1 exit status
make[1]: *** [cmTryCompileExec3193374903] Error 1
make[1]: Leaving directory `/home/keniso/BasicROSWorkspace/build/CMakeFiles/CMakeTmp'
make: *** [cmTryCompileExec3193374903/fast] Error 2

File /home/keniso/BasicROSWorkspace/build/CMakeFiles/CMakeTmp/CheckSymbolExists.c:
/* */
#include <pthread.h>

int main(int argc, char** argv)
{
  (void)argv;
#ifndef pthread_create
  return ((int*)(&pthread_create))[argc];
#else
  (void)argc;
  return 0;
#endif
}

Determining if the function pthread_create exists in the pthreads failed with the following output:
Change Dir: /home/keniso/BasicROSWorkspace/build/CMakeFiles/CMakeTmp

Run Build Command:/usr/bin/make "cmTryCompileExec445396604/fast"
/usr/bin/make -f CMakeFiles/cmTryCompileExec445396604.dir/build.make CMakeFiles/cmTryCompileExec445396604.dir/build
make[1]: Entering directory `/home/keniso/BasicROSWorkspace/build/CMakeFiles/CMakeTmp'
/usr/bin/cmake -E cmake_progress_report /home/keniso/BasicROSWorkspace/build/CMakeFiles/CMakeTmp/CMakeFiles 1
Building C object CMakeFiles/cmTryCompileExec445396604.dir/CheckFunctionExists.c.o
/usr/bin/cc   -DCHECK_FUNCTION_EXISTS=pthread_create   -o CMakeFiles/cmTryCompileExec445396604.dir/CheckFunctionExists.c.o   -c /usr/share/cmake-2.8/Modules/CheckFunctionExists.c
Linking C executable cmTryCompileExec445396604
/usr/bin/cmake -E cmake_link_script CMakeFiles/cmTryCompileExec445396604.dir/link.txt --verbose=1
/usr/bin/cc   -DCHECK_FUNCTION_EXISTS=pthread_create    CMakeFiles/cmTryCompileExec445396604.dir/CheckFunctionExists.c.o  -o cmTryCompileExec445396604 -rdynamic -lpthreads 
/usr/bin/ld: cannot find -lpthreads
collect2: error: ld returned 1 exit status
make[1]: *** [cmTryCompileExec445396604] Error 1
make[1]: Leaving directory `/home/keniso/BasicROSWorkspace/build/CMakeFiles/CMakeTmp'
make: *** [cmTryCompileExec445396604/fast] Error 2


